<?xml version="1.0" encoding="UTF-8"?>
<!-- Generated by org.testng.reporters.JUnitReportReporter -->
<testsuite skipped="0" hostname="System1" name="com.solitoncvs.testCases.TC_CVS_OPERATOR_8" tests="1" failures="0" timestamp="07 May 2019 17:18:51 GMT" time="12.967" errors="0">
  <testcase name="viewFullHistoryOnDashBoardPage" time="12.967" classname="com.solitoncvs.testCases.TC_CVS_OPERATOR_8"/>
</testsuite> <!-- com.solitoncvs.testCases.TC_CVS_OPERATOR_8 -->
