<?xml version="1.0" encoding="UTF-8"?>
<!-- Generated by org.testng.reporters.JUnitReportReporter -->
<testsuite skipped="0" hostname="System1" name="com.solitoncvs.testCases.TC_CVS_OPERATOR_61" tests="1" failures="0" timestamp="08 May 2019 07:25:15 GMT" time="27.876" errors="0">
  <testcase name="audioMixLeftDrag" time="27.876" classname="com.solitoncvs.testCases.TC_CVS_OPERATOR_61"/>
</testsuite> <!-- com.solitoncvs.testCases.TC_CVS_OPERATOR_61 -->
