<?xml version="1.0" encoding="UTF-8"?>
<!-- Generated by org.testng.reporters.JUnitReportReporter -->
<testsuite skipped="0" hostname="System1" name="com.solitoncvs.testCases.TC_CVS_PreviewInputControl_6" tests="1" failures="0" timestamp="29 Apr 2019 10:22:57 GMT" time="26.778" errors="0">
  <testcase name="previewInputControl" time="26.778" classname="com.solitoncvs.testCases.TC_CVS_PreviewInputControl_6"/>
</testsuite> <!-- com.solitoncvs.testCases.TC_CVS_PreviewInputControl_6 -->
