<?xml version="1.0" encoding="UTF-8"?>
<!-- Generated by org.testng.reporters.JUnitReportReporter -->
<testsuite skipped="0" hostname="System1" name="com.solitoncvs.testCases.TC_CVS_OPERATOR_126" tests="1" failures="0" timestamp="08 May 2019 05:58:20 GMT" time="17.226" errors="0">
  <testcase name="settingsOption" time="17.226" classname="com.solitoncvs.testCases.TC_CVS_OPERATOR_126"/>
</testsuite> <!-- com.solitoncvs.testCases.TC_CVS_OPERATOR_126 -->
