<?xml version="1.0" encoding="UTF-8"?>
<!-- Generated by org.testng.reporters.JUnitReportReporter -->
<testsuite skipped="0" hostname="System1" name="com.solitoncvs.testCases.TC_CVS_OPERATOR_42" tests="1" failures="0" timestamp="07 May 2019 13:05:09 GMT" time="21.285" errors="0">
  <testcase name="textInputControl" time="21.285" classname="com.solitoncvs.testCases.TC_CVS_OPERATOR_42"/>
</testsuite> <!-- com.solitoncvs.testCases.TC_CVS_OPERATOR_42 -->
