<?xml version="1.0" encoding="UTF-8"?>
<!-- Generated by org.testng.reporters.JUnitReportReporter -->
<testsuite skipped="0" hostname="System1" name="com.solitoncvs.testCases.TC_CVS_AudioMixInputControl_16" tests="1" failures="0" timestamp="06 May 2019 14:51:38 GMT" time="21.823" errors="0">
  <testcase name="audioMixInputControl" time="21.823" classname="com.solitoncvs.testCases.TC_CVS_AudioMixInputControl_16"/>
</testsuite> <!-- com.solitoncvs.testCases.TC_CVS_AudioMixInputControl_16 -->
