<?xml version="1.0" encoding="UTF-8"?>
<!-- Generated by org.testng.reporters.JUnitReportReporter -->
<testsuite skipped="0" hostname="System1" name="com.solitoncvs.testCases.TC_CVS_OPERATOR_53" tests="1" failures="0" timestamp="07 May 2019 13:28:16 GMT" time="21.172" errors="0">
  <testcase name="removeWaterlay" time="21.172" classname="com.solitoncvs.testCases.TC_CVS_OPERATOR_53"/>
</testsuite> <!-- com.solitoncvs.testCases.TC_CVS_OPERATOR_53 -->
