<?xml version="1.0" encoding="UTF-8"?>
<!-- Generated by org.testng.reporters.JUnitReportReporter -->
<testsuite skipped="0" hostname="System1" name="com.solitoncvs.testCases.TC_CVS_OPERATOR_31" tests="1" failures="0" timestamp="12 May 2019 17:22:18 GMT" time="20.753" errors="0">
  <testcase name="previewUploadedImage" time="20.753" classname="com.solitoncvs.testCases.TC_CVS_OPERATOR_31"/>
</testsuite> <!-- com.solitoncvs.testCases.TC_CVS_OPERATOR_31 -->
