<?xml version="1.0" encoding="UTF-8"?>
<!-- Generated by org.testng.reporters.JUnitReportReporter -->
<testsuite skipped="0" hostname="System1" name="com.solitoncvs.testCases.TC_CVS_FadeEffect_9" tests="1" failures="0" timestamp="29 Apr 2019 10:55:05 GMT" time="29.805" errors="0">
  <testcase name="FadeEffect" time="29.805" classname="com.solitoncvs.testCases.TC_CVS_FadeEffect_9"/>
</testsuite> <!-- com.solitoncvs.testCases.TC_CVS_FadeEffect_9 -->
