<?xml version="1.0" encoding="UTF-8"?>
<!-- Generated by org.testng.reporters.JUnitReportReporter -->
<testsuite skipped="0" hostname="System1" name="com.solitoncvs.testCases.TC_CVS_OPERATOR_48" tests="1" failures="0" timestamp="07 May 2019 07:46:48 GMT" time="42.310" errors="0">
  <testcase name="uploadImage" time="42.310" classname="com.solitoncvs.testCases.TC_CVS_OPERATOR_48"/>
</testsuite> <!-- com.solitoncvs.testCases.TC_CVS_OPERATOR_48 -->
