<?xml version="1.0" encoding="UTF-8"?>
<!-- Generated by org.testng.reporters.JUnitReportReporter -->
<testsuite skipped="0" hostname="System1" name="com.solitoncvs.testCases.TC_CVS_OPERATOR_4" tests="1" failures="0" timestamp="10 May 2019 05:42:37 GMT" time="13.312" errors="0">
  <testcase name="startBroadcast" time="13.312" classname="com.solitoncvs.testCases.TC_CVS_OPERATOR_4"/>
</testsuite> <!-- com.solitoncvs.testCases.TC_CVS_OPERATOR_4 -->
