<?xml version="1.0" encoding="UTF-8"?>
<!-- Generated by org.testng.reporters.JUnitReportReporter -->
<testsuite skipped="0" hostname="System1" name="com.solitoncvs.testCases.TC_CVS_OPERATOR_10" tests="1" failures="0" timestamp="07 May 2019 17:11:49 GMT" time="13.563" errors="0">
  <testcase name="contactUsOption" time="13.563" classname="com.solitoncvs.testCases.TC_CVS_OPERATOR_10"/>
</testsuite> <!-- com.solitoncvs.testCases.TC_CVS_OPERATOR_10 -->
