<?xml version="1.0" encoding="UTF-8"?>
<!-- Generated by org.testng.reporters.JUnitReportReporter -->
<testsuite skipped="0" hostname="System1" name="com.solitoncvs.testCases.TC_CVS_OPERATOR_34" tests="1" failures="0" timestamp="09 May 2019 06:07:50 GMT" time="28.958" errors="0">
  <testcase name="stopMixingFromInputControl" time="28.958" classname="com.solitoncvs.testCases.TC_CVS_OPERATOR_34"/>
</testsuite> <!-- com.solitoncvs.testCases.TC_CVS_OPERATOR_34 -->
