<?xml version="1.0" encoding="UTF-8"?>
<!-- Generated by org.testng.reporters.JUnitReportReporter -->
<testsuite skipped="0" hostname="System1" name="com.solitoncvs.testCases.TC_CVS_SwitchEffect_8" tests="1" failures="0" timestamp="29 Apr 2019 10:45:27 GMT" time="29.962" errors="0">
  <testcase name="SwitchEffect" time="29.962" classname="com.solitoncvs.testCases.TC_CVS_SwitchEffect_8"/>
</testsuite> <!-- com.solitoncvs.testCases.TC_CVS_SwitchEffect_8 -->
