<?xml version="1.0" encoding="UTF-8"?>
<!-- Generated by org.testng.reporters.JUnitReportReporter -->
<testsuite skipped="0" hostname="System1" name="com.solitoncvs.testCases.TC_CVS_OPERATOR_14" tests="1" failures="0" timestamp="10 May 2019 10:09:41 GMT" time="15.996" errors="0">
  <testcase name="addLiveInputControl" time="15.996" classname="com.solitoncvs.testCases.TC_CVS_OPERATOR_14"/>
</testsuite> <!-- com.solitoncvs.testCases.TC_CVS_OPERATOR_14 -->
