<?xml version="1.0" encoding="UTF-8"?>
<!-- Generated by org.testng.reporters.JUnitReportReporter -->
<testsuite skipped="0" hostname="System1" name="com.solitoncvs.testCases.TC_CVS_OPERATOR_55" tests="1" failures="0" timestamp="08 May 2019 04:36:49 GMT" time="19.479" errors="0">
  <testcase name="addLiveWithoutInputControl" time="19.479" classname="com.solitoncvs.testCases.TC_CVS_OPERATOR_55"/>
</testsuite> <!-- com.solitoncvs.testCases.TC_CVS_OPERATOR_55 -->
