<?xml version="1.0" encoding="UTF-8"?>
<!-- Generated by org.testng.reporters.JUnitReportReporter -->
<testsuite skipped="0" hostname="System1" name="com.solitoncvs.testCases.TC_CVS_OPERATOR_37" tests="1" failures="0" timestamp="06 May 2019 15:35:25 GMT" time="20.387" errors="0">
  <testcase name="previewUploadedAudioFile" time="20.387" classname="com.solitoncvs.testCases.TC_CVS_OPERATOR_37"/>
</testsuite> <!-- com.solitoncvs.testCases.TC_CVS_OPERATOR_37 -->
