<?xml version="1.0" encoding="UTF-8"?>
<!-- Generated by org.testng.reporters.JUnitReportReporter -->
<testsuite skipped="0" hostname="System1" name="com.solitoncvs.testCases.TC_CVS_OPERATOR_62" tests="1" failures="0" timestamp="12 May 2019 17:22:18 GMT" time="26.402" errors="0">
  <testcase name="audioMixLeftDrag" time="26.402" classname="com.solitoncvs.testCases.TC_CVS_OPERATOR_62"/>
</testsuite> <!-- com.solitoncvs.testCases.TC_CVS_OPERATOR_62 -->
