<?xml version="1.0" encoding="UTF-8"?>
<!-- Generated by org.testng.reporters.JUnitReportReporter -->
<testsuite skipped="0" hostname="System1" name="com.solitoncvs.testCases.TC_CVS_SwitchEffect_8" tests="1" failures="0" timestamp="06 May 2019 06:09:40 GMT" time="34.118" errors="0">
  <testcase name="SwitchEffect" time="34.118" classname="com.solitoncvs.testCases.TC_CVS_SwitchEffect_8"/>
</testsuite> <!-- com.solitoncvs.testCases.TC_CVS_SwitchEffect_8 -->
