<?xml version="1.0" encoding="UTF-8"?>
<!-- Generated by org.testng.reporters.JUnitReportReporter -->
<testsuite skipped="0" hostname="System1" name="com.solitoncvs.testCases.TC_CVS_OPERATOR_38" tests="1" failures="0" timestamp="10 May 2019 06:43:44 GMT" time="32.040" errors="0">
  <testcase name="playAudioMix" time="32.040" classname="com.solitoncvs.testCases.TC_CVS_OPERATOR_38"/>
</testsuite> <!-- com.solitoncvs.testCases.TC_CVS_OPERATOR_38 -->
