<?xml version="1.0" encoding="UTF-8"?>
<!-- Generated by org.testng.reporters.JUnitReportReporter -->
<testsuite skipped="0" hostname="System1" name="com.solitoncvs.testCases.TC_CVS_OPERATOR_67" tests="1" failures="0" timestamp="08 May 2019 09:52:53 GMT" time="25.245" errors="0">
  <testcase name="copyRTSPOutputUrl" time="25.245" classname="com.solitoncvs.testCases.TC_CVS_OPERATOR_67"/>
</testsuite> <!-- com.solitoncvs.testCases.TC_CVS_OPERATOR_67 -->
