<?xml version="1.0" encoding="UTF-8"?>
<!-- Generated by org.testng.reporters.JUnitReportReporter -->
<testsuite skipped="0" hostname="System1" name="com.solitoncvs.testCases.TC_CVS_AddLiveInput_4" tests="1" failures="0" timestamp="10 May 2019 10:00:00 GMT" time="23.043" errors="0">
  <testcase name="addliveInput" time="23.043" classname="com.solitoncvs.testCases.TC_CVS_AddLiveInput_4"/>
</testsuite> <!-- com.solitoncvs.testCases.TC_CVS_AddLiveInput_4 -->
