<?xml version="1.0" encoding="UTF-8"?>
<!-- Generated by org.testng.reporters.JUnitReportReporter -->
<testsuite skipped="0" hostname="System1" name="com.solitoncvs.testCases.TC_CVS_Createbroadcast_3" tests="1" failures="0" timestamp="30 Apr 2019 09:51:52 GMT" time="16.699" errors="0">
  <testcase name="createBroadcast" time="16.699" classname="com.solitoncvs.testCases.TC_CVS_Createbroadcast_3"/>
</testsuite> <!-- com.solitoncvs.testCases.TC_CVS_Createbroadcast_3 -->
