<?xml version="1.0" encoding="UTF-8"?>
<!-- Generated by org.testng.reporters.JUnitReportReporter -->
<testsuite skipped="0" hostname="System1" name="com.solitoncvs.testCases.TC_CVS_OPERATOR_71" tests="1" failures="0" timestamp="08 May 2019 10:25:39 GMT" time="27.430" errors="0">
  <testcase name="startFBOutputStreamControl" time="27.430" classname="com.solitoncvs.testCases.TC_CVS_OPERATOR_71"/>
</testsuite> <!-- com.solitoncvs.testCases.TC_CVS_OPERATOR_71 -->
