<?xml version="1.0" encoding="UTF-8"?>
<!-- Generated by org.testng.reporters.JUnitReportReporter -->
<testsuite skipped="0" hostname="System1" name="com.solitoncvs.testCases.TC_CVS_ImageInputControl_14" tests="1" failures="0" timestamp="06 May 2019 10:12:55 GMT" time="35.850" errors="0">
  <testcase name="imageInputControl" time="35.850" classname="com.solitoncvs.testCases.TC_CVS_ImageInputControl_14"/>
</testsuite> <!-- com.solitoncvs.testCases.TC_CVS_ImageInputControl_14 -->
