<?xml version="1.0" encoding="UTF-8"?>
<!-- Generated by org.testng.reporters.JUnitReportReporter -->
<testsuite skipped="0" hostname="System1" name="com.solitoncvs.testCases.TC_CVS_OPERATOR_40" tests="1" failures="0" timestamp="10 May 2019 06:59:18 GMT" time="31.890" errors="0">
  <testcase name="stopMixingwhilePreviewingVideo" time="31.890" classname="com.solitoncvs.testCases.TC_CVS_OPERATOR_40"/>
</testsuite> <!-- com.solitoncvs.testCases.TC_CVS_OPERATOR_40 -->
