<?xml version="1.0" encoding="UTF-8"?>
<!-- Generated by org.testng.reporters.JUnitReportReporter -->
<testsuite skipped="0" hostname="System1" name="com.solitoncvs.testCases.TC_CVS_OPERATOR_62" tests="1" failures="0" timestamp="08 May 2019 08:36:08 GMT" time="28.033" errors="0">
  <testcase name="audioMixLeftDrag" time="28.033" classname="com.solitoncvs.testCases.TC_CVS_OPERATOR_62"/>
</testsuite> <!-- com.solitoncvs.testCases.TC_CVS_OPERATOR_62 -->
