<?xml version="1.0" encoding="UTF-8"?>
<!-- Generated by org.testng.reporters.JUnitReportReporter -->
<testsuite skipped="0" hostname="System1" name="com.solitoncvs.testCases.TC_CVS_OPERATOR_129" tests="1" failures="0" timestamp="08 May 2019 06:18:07 GMT" time="17.415" errors="0">
  <testcase name="myMediaSettings" time="17.415" classname="com.solitoncvs.testCases.TC_CVS_OPERATOR_129"/>
</testsuite> <!-- com.solitoncvs.testCases.TC_CVS_OPERATOR_129 -->
