<?xml version="1.0" encoding="UTF-8"?>
<!-- Generated by org.testng.reporters.JUnitReportReporter -->
<testsuite skipped="0" hostname="System1" name="com.solitoncvs.testCases.TC_CVS_OPERATOR_36" tests="1" failures="0" timestamp="06 May 2019 15:28:36 GMT" time="35.001" errors="0">
  <testcase name="addAudioFile" time="35.001" classname="com.solitoncvs.testCases.TC_CVS_OPERATOR_36"/>
</testsuite> <!-- com.solitoncvs.testCases.TC_CVS_OPERATOR_36 -->
