<?xml version="1.0" encoding="UTF-8"?>
<!-- Generated by org.testng.reporters.JUnitReportReporter -->
<testsuite skipped="0" hostname="System1" name="com.solitoncvs.testCases.TC_CVS_Createbroadcast_3" tests="1" failures="0" timestamp="26 Apr 2019 12:35:15 GMT" time="13.480" errors="0">
  <testcase name="createBroadcast" time="13.480" classname="com.solitoncvs.testCases.TC_CVS_Createbroadcast_3"/>
</testsuite> <!-- com.solitoncvs.testCases.TC_CVS_Createbroadcast_3 -->
