<?xml version="1.0" encoding="UTF-8"?>
<!-- Generated by org.testng.reporters.JUnitReportReporter -->
<testsuite skipped="0" hostname="System1" name="com.solitoncvs.testCases.TC_CVS_VideoInputControl_12" tests="1" failures="0" timestamp="01 May 2019 09:34:10 GMT" time="34.325" errors="0">
  <testcase name="videoInputControl" time="34.325" classname="com.solitoncvs.testCases.TC_CVS_VideoInputControl_12"/>
</testsuite> <!-- com.solitoncvs.testCases.TC_CVS_VideoInputControl_12 -->
