<?xml version="1.0" encoding="UTF-8"?>
<!-- Generated by org.testng.reporters.JUnitReportReporter -->
<testsuite skipped="0" hostname="System1" name="com.solitoncvs.testCases.TC_CVS_OPERATOR_1" tests="1" failures="0" timestamp="09 May 2019 08:55:40 GMT" time="13.491" errors="0">
  <testcase name="loginTest" time="13.491" classname="com.solitoncvs.testCases.TC_CVS_OPERATOR_1"/>
</testsuite> <!-- com.solitoncvs.testCases.TC_CVS_OPERATOR_1 -->
