<?xml version="1.0" encoding="UTF-8"?>
<!-- Generated by org.testng.reporters.JUnitReportReporter -->
<testsuite skipped="0" hostname="System1" name="com.solitoncvs.testCases.TC_CVS_OPERATOR_64" tests="1" failures="0" timestamp="08 May 2019 08:55:44 GMT" time="25.632" errors="0">
  <testcase name="stopAudioMixing" time="25.632" classname="com.solitoncvs.testCases.TC_CVS_OPERATOR_64"/>
</testsuite> <!-- com.solitoncvs.testCases.TC_CVS_OPERATOR_64 -->
