<?xml version="1.0" encoding="UTF-8"?>
<!-- Generated by org.testng.reporters.JUnitReportReporter -->
<testsuite skipped="0" hostname="System1" name="com.solitoncvs.testCases.TC_CVS_AddUsers_11" tests="1" failures="0" timestamp="30 Apr 2019 12:16:54 GMT" time="19.118" errors="0">
  <testcase name="addUsers" time="19.118" classname="com.solitoncvs.testCases.TC_CVS_AddUsers_11"/>
</testsuite> <!-- com.solitoncvs.testCases.TC_CVS_AddUsers_11 -->
