<?xml version="1.0" encoding="UTF-8"?>
<!-- Generated by org.testng.reporters.JUnitReportReporter -->
<testsuite skipped="0" hostname="System1" name="com.solitoncvs.testCases.TC_CVS_OPERATOR_60" tests="1" failures="0" timestamp="08 May 2019 07:14:26 GMT" time="27.734" errors="0">
  <testcase name="audioMixOutputControl" time="27.734" classname="com.solitoncvs.testCases.TC_CVS_OPERATOR_60"/>
</testsuite> <!-- com.solitoncvs.testCases.TC_CVS_OPERATOR_60 -->
