<?xml version="1.0" encoding="UTF-8"?>
<!-- Generated by org.testng.reporters.JUnitReportReporter -->
<testsuite skipped="0" hostname="System1" name="com.solitoncvs.testCases.TC_CVS_OPERATOR_50" tests="1" failures="0" timestamp="07 May 2019 07:55:15 GMT" time="21.196" errors="0">
  <testcase name="removeWaterMark" time="21.196" classname="com.solitoncvs.testCases.TC_CVS_OPERATOR_50"/>
</testsuite> <!-- com.solitoncvs.testCases.TC_CVS_OPERATOR_50 -->
