<?xml version="1.0" encoding="UTF-8"?>
<!-- Generated by org.testng.reporters.JUnitReportReporter -->
<testsuite skipped="0" hostname="System1" name="com.solitoncvs.testCases.TC_CVS_OPERATOR_37" tests="1" failures="0" timestamp="10 May 2019 06:35:12 GMT" time="26.611" errors="0">
  <testcase name="previewUploadedAudioFile" time="26.611" classname="com.solitoncvs.testCases.TC_CVS_OPERATOR_37"/>
</testsuite> <!-- com.solitoncvs.testCases.TC_CVS_OPERATOR_37 -->
