<?xml version="1.0" encoding="UTF-8"?>
<!-- Generated by org.testng.reporters.JUnitReportReporter -->
<testsuite skipped="0" hostname="System1" name="com.solitoncvs.testCases.TC_CVS_OPERATOR_46" tests="1" failures="0" timestamp="07 May 2019 13:23:06 GMT" time="38.394" errors="0">
  <testcase name="removeText" time="38.394" classname="com.solitoncvs.testCases.TC_CVS_OPERATOR_46"/>
</testsuite> <!-- com.solitoncvs.testCases.TC_CVS_OPERATOR_46 -->
