<?xml version="1.0" encoding="UTF-8"?>
<!-- Generated by org.testng.reporters.JUnitReportReporter -->
<testsuite skipped="0" hostname="System1" name="com.solitoncvs.testCases.TC_CVS_DeleteAddedInputControl_7" tests="1" failures="0" timestamp="29 Apr 2019 08:44:12 GMT" time="29.091" errors="0">
  <testcase name="deleteAddedInputControl" time="29.091" classname="com.solitoncvs.testCases.TC_CVS_DeleteAddedInputControl_7"/>
</testsuite> <!-- com.solitoncvs.testCases.TC_CVS_DeleteAddedInputControl_7 -->
