<?xml version="1.0" encoding="UTF-8"?>
<!-- Generated by org.testng.reporters.JUnitReportReporter -->
<testsuite skipped="0" hostname="System1" name="com.solitoncvs.testCases.TC_CVS_OPERATOR_49" tests="1" failures="0" timestamp="07 May 2019 07:20:02 GMT" time="32.149" errors="0">
  <testcase name="changeWatermarkImage" time="32.149" classname="com.solitoncvs.testCases.TC_CVS_OPERATOR_49"/>
</testsuite> <!-- com.solitoncvs.testCases.TC_CVS_OPERATOR_49 -->
