<?xml version="1.0" encoding="UTF-8"?>
<!-- Generated by org.testng.reporters.JUnitReportReporter -->
<testsuite skipped="0" hostname="System1" name="com.solitoncvs.testCases.TC_CVS_OPERATOR_47" tests="1" failures="0" timestamp="06 May 2019 17:59:11 GMT" time="20.506" errors="0">
  <testcase name="watermarkInputControl" time="20.506" classname="com.solitoncvs.testCases.TC_CVS_OPERATOR_47"/>
</testsuite> <!-- com.solitoncvs.testCases.TC_CVS_OPERATOR_47 -->
