<?xml version="1.0" encoding="UTF-8"?>
<!-- Generated by org.testng.reporters.JUnitReportReporter -->
<testsuite skipped="0" hostname="System1" name="com.solitoncvs.testCases.TC_CVS_OPERATOR_73" tests="1" failures="0" timestamp="08 May 2019 10:35:34 GMT" time="31.555" errors="0">
  <testcase name="saveFBOutputStreamControl" time="31.555" classname="com.solitoncvs.testCases.TC_CVS_OPERATOR_73"/>
</testsuite> <!-- com.solitoncvs.testCases.TC_CVS_OPERATOR_73 -->
