<?xml version="1.0" encoding="UTF-8"?>
<!-- Generated by org.testng.reporters.JUnitReportReporter -->
<testsuite skipped="0" hostname="System1" name="com.solitoncvs.testCases.TC_CVS_OPERATOR_66" tests="1" failures="0" timestamp="08 May 2019 09:44:39 GMT" time="25.302" errors="0">
  <testcase name="RTSPStreamControl" time="25.302" classname="com.solitoncvs.testCases.TC_CVS_OPERATOR_66"/>
</testsuite> <!-- com.solitoncvs.testCases.TC_CVS_OPERATOR_66 -->
