<?xml version="1.0" encoding="UTF-8"?>
<!-- Generated by org.testng.reporters.JUnitReportReporter -->
<testsuite skipped="0" hostname="System1" name="com.solitoncvs.testCases.TC_CVS_OPERATOR_69" tests="1" failures="0" timestamp="08 May 2019 10:13:09 GMT" time="27.179" errors="0">
  <testcase name="facebookStreamControl" time="27.179" classname="com.solitoncvs.testCases.TC_CVS_OPERATOR_69"/>
</testsuite> <!-- com.solitoncvs.testCases.TC_CVS_OPERATOR_69 -->
