<?xml version="1.0" encoding="UTF-8"?>
<!-- Generated by org.testng.reporters.JUnitReportReporter -->
<testsuite skipped="0" hostname="System1" name="com.solitoncvs.testCases.TC_CVS_OPERATOR_15" tests="1" failures="0" timestamp="10 May 2019 10:24:13 GMT" time="16.368" errors="0">
  <testcase name="addLiveOption" time="16.368" classname="com.solitoncvs.testCases.TC_CVS_OPERATOR_15"/>
</testsuite> <!-- com.solitoncvs.testCases.TC_CVS_OPERATOR_15 -->
