<?xml version="1.0" encoding="UTF-8"?>
<!-- Generated by org.testng.reporters.JUnitReportReporter -->
<testsuite skipped="0" hostname="System1" name="com.solitoncvs.testCases.TC_CVS_LOGIN_1" tests="1" failures="0" timestamp="29 Apr 2019 07:19:20 GMT" time="13.602" errors="0">
  <testcase name="loginTest" time="13.602" classname="com.solitoncvs.testCases.TC_CVS_LOGIN_1"/>
</testsuite> <!-- com.solitoncvs.testCases.TC_CVS_LOGIN_1 -->
